Unity Editor version:    2022.3.13f1 (5f90a5ebde0f)
Branch:                  2022.3/staging
Build type:              Release
Batch mode:              YES
macOS version:           Version 14.2.1 (Build 23C71)
Darwin version:          23.2.0
Architecture:            arm64
Running under Rosetta:   NO
Available memory:        8192 MB
Using pre-set license
Pro License: YES

COMMAND LINE ARGUMENTS:
/Applications/Unity/Hub/Editor/2022.3.13f1/Unity.app/Contents/MacOS/Unity
-adb2
-batchMode
-noUpm
-name
AssetImportWorker0
-projectPath
/Users/hakan/Desktop/Projeler/unity-city-example
-logFile
Logs/AssetImportWorker0.log
-srvPort
49312
Successfully changed project path to: /Users/hakan/Desktop/Projeler/unity-city-example
/Users/hakan/Desktop/Projeler/unity-city-example
[UnityMemory] Configuration Parameters - Can be set up in boot.config
    "memorysetup-bucket-allocator-granularity=16"
    "memorysetup-bucket-allocator-bucket-count=8"
    "memorysetup-bucket-allocator-block-size=33554432"
    "memorysetup-bucket-allocator-block-count=8"
    "memorysetup-main-allocator-block-size=16777216"
    "memorysetup-thread-allocator-block-size=16777216"
    "memorysetup-gfx-main-allocator-block-size=16777216"
    "memorysetup-gfx-thread-allocator-block-size=16777216"
    "memorysetup-cache-allocator-block-size=4194304"
    "memorysetup-typetree-allocator-block-size=2097152"
    "memorysetup-profiler-bucket-allocator-granularity=16"
    "memorysetup-profiler-bucket-allocator-bucket-count=8"
    "memorysetup-profiler-bucket-allocator-block-size=33554432"
    "memorysetup-profiler-bucket-allocator-block-count=8"
    "memorysetup-profiler-allocator-block-size=16777216"
    "memorysetup-profiler-editor-allocator-block-size=1048576"
    "memorysetup-temp-allocator-size-main=16777216"
    "memorysetup-job-temp-allocator-block-size=2097152"
    "memorysetup-job-temp-allocator-block-size-background=1048576"
    "memorysetup-job-temp-allocator-reduction-small-platforms=262144"
    "memorysetup-allocator-temp-initial-block-size-main=262144"
    "memorysetup-allocator-temp-initial-block-size-worker=262144"
    "memorysetup-temp-allocator-size-background-worker=32768"
    "memorysetup-temp-allocator-size-job-worker=262144"
    "memorysetup-temp-allocator-size-preload-manager=33554432"
    "memorysetup-temp-allocator-size-nav-mesh-worker=65536"
    "memorysetup-temp-allocator-size-audio-worker=65536"
    "memorysetup-temp-allocator-size-cloud-worker=32768"
    "memorysetup-temp-allocator-size-gi-baking-worker=262144"
    "memorysetup-temp-allocator-size-gfx=262144"
Player connection [8056213504] Host "[IP] 192.168.2.1 [Port] 0 [Flags] 2 [Guid] 3434834762 [EditorId] 3434834762 [Version] 1048832 [Id] OSXEditor(0,hakan-MacBook-Air.local) [Debug] 1 [PackageName] OSXEditor [ProjectName] Editor" joined multi-casting on [225.0.0.222:54997]...

Player connection [8056213504] Host "[IP] 192.168.2.1 [Port] 0 [Flags] 2 [Guid] 3434834762 [EditorId] 3434834762 [Version] 1048832 [Id] OSXEditor(0,hakan-MacBook-Air.local) [Debug] 1 [PackageName] OSXEditor [ProjectName] Editor" joined alternative multi-casting on [225.0.0.222:34997]...

[Physics::Module] Initialized MultithreadedJobDispatcher with 7 workers.
Refreshing native plugins compatible for Editor in 2.56 ms, found 2 plugins.
Preloading 0 native plugins for Editor in 0.00 ms.
Initialize engine version: 2022.3.13f1 (5f90a5ebde0f)
[Subsystems] Discovering subsystems at path /Applications/Unity/Hub/Editor/2022.3.13f1/Unity.app/Contents/Resources/UnitySubsystems
[Subsystems] Discovering subsystems at path /Users/hakan/Desktop/Projeler/unity-city-example/Assets
GfxDevice: creating device client; threaded=0; jobified=0
 preferred device: Apple M2 (high power)
Metal devices available: 1
0: Apple M2 (high power)
Using device Apple M2 (high power)
Initializing Metal device caps: Apple M2
Initialize mono
Mono path[0] = '/Applications/Unity/Hub/Editor/2022.3.13f1/Unity.app/Contents/Managed'
Mono path[1] = '/Applications/Unity/Hub/Editor/2022.3.13f1/Unity.app/Contents/MonoBleedingEdge/lib/mono/unityjit-macos'
Mono config path = '/Applications/Unity/Hub/Editor/2022.3.13f1/Unity.app/Contents/MonoBleedingEdge/etc'
Using monoOptions --debugger-agent=transport=dt_socket,embedding=1,server=y,suspend=n,address=127.0.0.1:56365
Begin MonoManager ReloadAssembly
Registering precompiled unity dll's ...
Register platform support module: /Applications/Unity/Hub/Editor/2022.3.13f1/PlaybackEngines/WebGLSupport/UnityEditor.WebGL.Extensions.dll
Register platform support module: /Applications/Unity/Hub/Editor/2022.3.13f1/Unity.app/Contents/PlaybackEngines/MacStandaloneSupport/UnityEditor.OSXStandalone.Extensions.dll
Register platform support module: /Applications/Unity/Hub/Editor/2022.3.13f1/PlaybackEngines/WindowsStandaloneSupport/UnityEditor.WindowsStandalone.Extensions.dll
Registered in 0.001092 seconds.
- Loaded All Assemblies, in  0.170 seconds
Native extension for WindowsStandalone target not found
Native extension for OSXStandalone target not found
Native extension for WebGL target not found
Mono: successfully reloaded assembly
- Finished resetting the current domain, in  0.126 seconds
Domain Reload Profiling: 296ms
	BeginReloadAssembly (39ms)
		ExecutionOrderSort (0ms)
		DisableScriptedObjects (0ms)
		BackupInstance (0ms)
		ReleaseScriptingObjects (0ms)
		CreateAndSetChildDomain (0ms)
	RebuildCommonClasses (20ms)
	RebuildNativeTypeToScriptingClass (7ms)
	initialDomainReloadingComplete (25ms)
	LoadAllAssembliesAndSetupDomain (79ms)
		LoadAssemblies (39ms)
		RebuildTransferFunctionScriptingTraits (0ms)
		AnalyzeDomain (79ms)
			TypeCache.Refresh (78ms)
				TypeCache.ScanAssembly (70ms)
			ScanForSourceGeneratedMonoScriptInfo (0ms)
			ResolveRequiredComponents (0ms)
	FinalizeReload (126ms)
		ReleaseScriptCaches (0ms)
		RebuildScriptCaches (0ms)
		SetupLoadedEditorAssemblies (94ms)
			LogAssemblyErrors (0ms)
			InitializePlatformSupportModulesInManaged (4ms)
			SetLoadedEditorAssemblies (3ms)
			RefreshPlugins (0ms)
			BeforeProcessingInitializeOnLoad (1ms)
			ProcessInitializeOnLoadAttributes (63ms)
			ProcessInitializeOnLoadMethodAttributes (23ms)
			AfterProcessingInitializeOnLoad (0ms)
			EditorAssembliesLoaded (0ms)
		ExecutionOrderSort2 (0ms)
		AwakeInstancesAfterBackupRestoration (0ms)
========================================================================
Worker process is ready to serve import requests
Begin MonoManager ReloadAssembly
- Loaded All Assemblies, in  0.330 seconds
Refreshing native plugins compatible for Editor in 0.59 ms, found 2 plugins.
Native extension for WindowsStandalone target not found
Native extension for OSXStandalone target not found
Native extension for WebGL target not found
Package Manager log level set to [2]
[Package Manager] Server::EnsureServerProcessIsRunning -- launch failed, reason: Unity was launched with the -noUpm command-line argument
[Package Manager] UpmClient::Send -- Unable to send message (not connected to UPM process).
[Package Manager] Cannot connect to Unity Package Manager local server
Mono: successfully reloaded assembly
- Finished resetting the current domain, in  0.270 seconds
Domain Reload Profiling: 600ms
	BeginReloadAssembly (66ms)
		ExecutionOrderSort (0ms)
		DisableScriptedObjects (3ms)
		BackupInstance (0ms)
		ReleaseScriptingObjects (0ms)
		CreateAndSetChildDomain (15ms)
	RebuildCommonClasses (20ms)
	RebuildNativeTypeToScriptingClass (7ms)
	initialDomainReloadingComplete (19ms)
	LoadAllAssembliesAndSetupDomain (218ms)
		LoadAssemblies (145ms)
		RebuildTransferFunctionScriptingTraits (0ms)
		AnalyzeDomain (102ms)
			TypeCache.Refresh (93ms)
				TypeCache.ScanAssembly (82ms)
			ScanForSourceGeneratedMonoScriptInfo (6ms)
			ResolveRequiredComponents (2ms)
	FinalizeReload (270ms)
		ReleaseScriptCaches (0ms)
		RebuildScriptCaches (0ms)
		SetupLoadedEditorAssemblies (192ms)
			LogAssemblyErrors (0ms)
			InitializePlatformSupportModulesInManaged (3ms)
			SetLoadedEditorAssemblies (2ms)
			RefreshPlugins (0ms)
			BeforeProcessingInitializeOnLoad (25ms)
			ProcessInitializeOnLoadAttributes (153ms)
			ProcessInitializeOnLoadMethodAttributes (9ms)
			AfterProcessingInitializeOnLoad (1ms)
			EditorAssembliesLoaded (0ms)
		ExecutionOrderSort2 (0ms)
		AwakeInstancesAfterBackupRestoration (2ms)
Launching external process: /Applications/Unity/Hub/Editor/2022.3.13f1/Unity.app/Contents/Tools/UnityShaderCompiler
Launched and connected shader compiler UnityShaderCompiler after 0.04 seconds
Refreshing native plugins compatible for Editor in 0.58 ms, found 2 plugins.
Preloading 0 native plugins for Editor in 0.00 ms.
Unloading 3082 Unused Serialized files (Serialized files now loaded: 0)
Unloading 32 unused Assets / (50.9 KB). Loaded Objects now: 3543.
Memory consumption went from 127.0 MB to 127.0 MB.
Total: 2.095541 ms (FindLiveObjects: 0.078584 ms CreateObjectMapping: 0.040041 ms MarkObjects: 1.920084 ms  DeleteObjects: 0.056416 ms)

AssetImportParameters requested are different than current active one (requested -> active):
  custom:container-demuxer-ogg: 62fdf1f143b41e24485cea50d1cbac27 -> 
  custom:video-decoder-ogg-theora: a1e56fd34408186e4bbccfd4996cb3dc -> 
  custom:CustomObjectIndexerAttribute: 756ad292c208cfabdd7b50bc23989ffe -> 
  custom:container-demuxer-webm: 4f35f7cbe854078d1ac9338744f61a02 -> 
  custom:container-muxer-webm: aa71ff27fc2769a1b78a27578f13a17b -> 
  custom:video-decoder-webm-vp8: 9c59270c3fd7afecdb556c50c9e8de78 -> 
  custom:SearchIndexIgnoredProperties: e643bd26f0fe6173181afceb89e7c659 -> 
  custom:AudioImporter_EditorPlatform: 3918e3fc78b5a79bad01e8451be0beb8 -> 
  custom:framework-osx-AVFoundation: e770b220cccbd017edd2c1fefb359320 -> 
  custom:video-encoder-webm-vp8: eb34c28f22e8b96e1ab97ce403110664 -> 
  custom:audio-decoder-ogg-vorbis: bf7c407c2cedff20999df2af8eb42d56 -> 
  custom:audio-encoder-webm-vorbis: bf7c407c2cedff20999df2af8eb42d56 -> 
========================================================================
Received Import Request.
  Time since last request: 1489.528850 seconds.
  path: Assets/Icons/Building_Factory.png
  artifactKey: Guid(eeab1ae72eed341df9df7fafd45ce960) Importer(815301076,1909f56bfc062723c751e8b465ee728b)
Start importing Assets/Icons/Building_Factory.png using Guid(eeab1ae72eed341df9df7fafd45ce960) Importer(815301076,1909f56bfc062723c751e8b465ee728b)  -> (artifact id: '9696072ece185f6849ce3c139bfe781e') in 0.027325 seconds
Number of updated asset objects reloaded before import = 0
Number of asset objects unloaded after import = 2
========================================================================
Received Import Request.
  Time since last request: 35.716093 seconds.
  path: Assets/Icons/Building_Farm.png
  artifactKey: Guid(3c6c8dbe1775845eb9133f168ac42c65) Importer(815301076,1909f56bfc062723c751e8b465ee728b)
Start importing Assets/Icons/Building_Farm.png using Guid(3c6c8dbe1775845eb9133f168ac42c65) Importer(815301076,1909f56bfc062723c751e8b465ee728b)  -> (artifact id: '5b465e0e162c52877360920cfb1ec219') in 0.003894 seconds
Number of updated asset objects reloaded before import = 0
Number of asset objects unloaded after import = 2
========================================================================
Received Import Request.
  Time since last request: 0.000064 seconds.
  path: Assets/Icons/Building_Road.png
  artifactKey: Guid(83b75b751a8e3418fa16031945c1bc7c) Importer(815301076,1909f56bfc062723c751e8b465ee728b)
Start importing Assets/Icons/Building_Road.png using Guid(83b75b751a8e3418fa16031945c1bc7c) Importer(815301076,1909f56bfc062723c751e8b465ee728b)  -> (artifact id: '9ec430f93bf93afac8497df3b37d6d93') in 0.002854 seconds
Number of updated asset objects reloaded before import = 0
Number of asset objects unloaded after import = 2
========================================================================
Received Import Request.
  Time since last request: 61.754508 seconds.
  path: Assets/Icons/Building_Factory.png
  artifactKey: Guid(eeab1ae72eed341df9df7fafd45ce960) Importer(815301076,1909f56bfc062723c751e8b465ee728b)
Start importing Assets/Icons/Building_Factory.png using Guid(eeab1ae72eed341df9df7fafd45ce960) Importer(815301076,1909f56bfc062723c751e8b465ee728b)  -> (artifact id: 'f0e7412f42ed88a831acd93b7bdced92') in 0.027763 seconds
Number of updated asset objects reloaded before import = 0
Number of asset objects unloaded after import = 3
========================================================================
Received Import Request.
  Time since last request: 19.296828 seconds.
  path: Assets/Icons/Building_Farm.png
  artifactKey: Guid(3c6c8dbe1775845eb9133f168ac42c65) Importer(815301076,1909f56bfc062723c751e8b465ee728b)
Start importing Assets/Icons/Building_Farm.png using Guid(3c6c8dbe1775845eb9133f168ac42c65) Importer(815301076,1909f56bfc062723c751e8b465ee728b)  -> (artifact id: 'b3ce460409ed5e1316b9afdcbbaee179') in 0.005542 seconds
Number of updated asset objects reloaded before import = 0
Number of asset objects unloaded after import = 3
========================================================================
Received Import Request.
  Time since last request: 10.980564 seconds.
  path: Assets/Icons/Building_House.png
  artifactKey: Guid(087619a7946b64097b6798db81c46cd5) Importer(815301076,1909f56bfc062723c751e8b465ee728b)
Start importing Assets/Icons/Building_House.png using Guid(087619a7946b64097b6798db81c46cd5) Importer(815301076,1909f56bfc062723c751e8b465ee728b)  -> (artifact id: '20939918e69fef6061dc7f3cef3ff684') in 0.005402 seconds
Number of updated asset objects reloaded before import = 0
Number of asset objects unloaded after import = 3
========================================================================
Received Import Request.
  Time since last request: 11.137594 seconds.
  path: Assets/Icons/Building_Road.png
  artifactKey: Guid(83b75b751a8e3418fa16031945c1bc7c) Importer(815301076,1909f56bfc062723c751e8b465ee728b)
Start importing Assets/Icons/Building_Road.png using Guid(83b75b751a8e3418fa16031945c1bc7c) Importer(815301076,1909f56bfc062723c751e8b465ee728b)  -> (artifact id: '6ed2e4c88a8932feee826af880fc3583') in 0.005754 seconds
Number of updated asset objects reloaded before import = 0
Number of asset objects unloaded after import = 3
========================================================================
Received Import Request.
  Time since last request: 26.050234 seconds.
  path: Assets/Models/Barn.mat
  artifactKey: Guid(3109aba02894e40eb852f95dda4dc9ef) Importer(815301076,1909f56bfc062723c751e8b465ee728b)
Start importing Assets/Models/Barn.mat using Guid(3109aba02894e40eb852f95dda4dc9ef) Importer(815301076,1909f56bfc062723c751e8b465ee728b)  -> (artifact id: '0487e56ef4ceca60b9e937e9a66df4f3') in 0.189705 seconds
Number of updated asset objects reloaded before import = 0
Number of asset objects unloaded after import = 1
========================================================================
Received Import Request.
  Time since last request: 0.000037 seconds.
  path: Assets/Models/house.obj
  artifactKey: Guid(c4bb9bf956b234efbad73eee2b597bcb) Importer(815301076,1909f56bfc062723c751e8b465ee728b)
Start importing Assets/Models/house.obj using Guid(c4bb9bf956b234efbad73eee2b597bcb) Importer(815301076,1909f56bfc062723c751e8b465ee728b)  -> (artifact id: '67b79ae0bf955c18338e6c48e5083c53') in 0.022227 seconds
Number of updated asset objects reloaded before import = 0
Number of asset objects unloaded after import = 10
========================================================================
Received Import Request.
  Time since last request: 0.000021 seconds.
  path: Assets/Models/farm-barn.png
  artifactKey: Guid(9099090442a63423babd102e18340a84) Importer(815301076,1909f56bfc062723c751e8b465ee728b)
Start importing Assets/Models/farm-barn.png using Guid(9099090442a63423babd102e18340a84) Importer(815301076,1909f56bfc062723c751e8b465ee728b)  -> (artifact id: '8fcdc38c2a8720563561da9506eeb78f') in 0.034646 seconds
Number of updated asset objects reloaded before import = 0
Number of asset objects unloaded after import = 2
========================================================================
Received Import Request.
  Time since last request: 0.000042 seconds.
  path: Assets/Models/factory.png
  artifactKey: Guid(bcbec7e7925c245b8bd8527c8c04858a) Importer(815301076,1909f56bfc062723c751e8b465ee728b)
Start importing Assets/Models/factory.png using Guid(bcbec7e7925c245b8bd8527c8c04858a) Importer(815301076,1909f56bfc062723c751e8b465ee728b)  -> (artifact id: 'e1b42301719d423d41a9a39781fe3235') in 0.002344 seconds
Number of updated asset objects reloaded before import = 0
Number of asset objects unloaded after import = 2
========================================================================
Received Import Request.
  Time since last request: 0.000063 seconds.
  path: Assets/Models/house.png
  artifactKey: Guid(28385a2c4cd7c4f2dbd4fa7e35e16f59) Importer(815301076,1909f56bfc062723c751e8b465ee728b)
Start importing Assets/Models/house.png using Guid(28385a2c4cd7c4f2dbd4fa7e35e16f59) Importer(815301076,1909f56bfc062723c751e8b465ee728b)  -> (artifact id: '52392b0a66e6c607677d5f1d7e3e8d78') in 0.001998 seconds
Number of updated asset objects reloaded before import = 0
Number of asset objects unloaded after import = 2
========================================================================
Received Import Request.
  Time since last request: 0.000045 seconds.
  path: Assets/Models/factory.obj
  artifactKey: Guid(fadcae8d12cee4ee4bf9c98e217be7fd) Importer(815301076,1909f56bfc062723c751e8b465ee728b)
Start importing Assets/Models/factory.obj using Guid(fadcae8d12cee4ee4bf9c98e217be7fd) Importer(815301076,1909f56bfc062723c751e8b465ee728b)  -> (artifact id: '489e9e4597bde9c57509128cb9c34969') in 0.008277 seconds
Number of updated asset objects reloaded before import = 0
Number of asset objects unloaded after import = 10
========================================================================
Received Import Request.
  Time since last request: 154.140522 seconds.
  path: Assets/Textures/Grass.png
  artifactKey: Guid(0b618847757e04c8aa18f54644737b1e) Importer(815301076,1909f56bfc062723c751e8b465ee728b)
Start importing Assets/Textures/Grass.png using Guid(0b618847757e04c8aa18f54644737b1e) Importer(815301076,1909f56bfc062723c751e8b465ee728b)  -> (artifact id: '739790ee1985e7cb09afd6f858d78ae7') in 0.003041 seconds
Number of updated asset objects reloaded before import = 0
Number of asset objects unloaded after import = 2
========================================================================
Received Import Request.
  Time since last request: 56.194203 seconds.
  path: Assets/Materials/Placement.mat
  artifactKey: Guid(c7801eba0395341e2b5cd7f0007a57bd) Importer(815301076,1909f56bfc062723c751e8b465ee728b)
Start importing Assets/Materials/Placement.mat using Guid(c7801eba0395341e2b5cd7f0007a57bd) Importer(815301076,1909f56bfc062723c751e8b465ee728b)  -> (artifact id: '759a78d33fc177decf241d2d1c9109be') in 0.004504 seconds
Number of updated asset objects reloaded before import = 0
Number of asset objects unloaded after import = 1
